[2025-08-03T18:49:38.579Z] METHOD: GET /v1/todos 
[2025-08-03T18:49:47.155Z] METHOD: GET /public/ping 
[2025-08-03T18:49:58.551Z] METHOD: GET /ping 
[2025-08-03T18:50:08.655Z] METHOD: GET /health 
[2025-08-03T18:50:12.957Z] METHOD: GET /auth/login 
[2025-08-03T18:52:01.563Z] METHOD: GET /auth/signup 
[2025-08-03T18:53:24.016Z] METHOD: GET /auth/signup 
[2025-08-03T18:56:22.430Z] METHOD: GET /auth/login 
[2025-08-03T18:57:10.892Z] METHOD: GET /auth/login 
[2025-08-03T18:57:25.806Z] METHOD: GET /auth/login 
[2025-08-03T19:00:17.845Z] METHOD: GET /auth/login 
[2025-08-03T19:00:19.275Z] METHOD: GET /auth/login 
[2025-08-03T19:00:34.260Z] METHOD: GET /v1/todos 
[2025-08-03T19:00:39.482Z] METHOD: GET /auth/signup 
[2025-08-03T19:00:43.380Z] METHOD: GET /health 
[2025-08-03T19:01:32.998Z] METHOD: GET /v1/auth/login 
[2025-08-03T19:02:24.798Z] METHOD: GET /v1/todos/2 
[2025-08-03T19:03:43.305Z] METHOD: GET /v1/auth/login 
[2025-08-03T19:04:41.214Z] METHOD: POST /v1/auth/login 
[2025-08-03T19:04:50.442Z] METHOD: POST /auth/signup 
[2025-08-03T19:04:53.500Z] METHOD: POST /auth/signup 
[2025-08-03T19:04:59.270Z] METHOD: POST /v1/auth/signup 
[2025-08-03T19:20:43.655Z] METHOD: POST /v1/auth/signup 
[2025-08-03T19:21:08.110Z] METHOD: POST /v1/auth/signup 
[2025-08-03T19:21:58.001Z] METHOD: POST /v1/auth/signup 
[2025-08-03T19:22:05.831Z] METHOD: POST /v1/auth/signup 
[2025-08-03T19:22:27.128Z] METHOD: POST /v1/auth/signup 
[2025-08-03T19:22:59.682Z] METHOD: POST /v1/auth/signup 
[2025-08-03T19:25:58.573Z] METHOD: POST /v1/auth/signup 
[2025-08-03T19:26:00.855Z] METHOD: POST /v1/auth/signup 
[2025-08-03T19:26:02.970Z] METHOD: POST /v1/auth/signup 
[2025-08-03T19:26:45.423Z] METHOD: POST /v1/auth/signup 
[2025-08-03T19:26:50.364Z] METHOD: POST /v1/auth/signup 
[2025-08-03T19:26:51.742Z] METHOD: POST /v1/auth/signup 
[2025-08-03T19:26:52.797Z] METHOD: POST /v1/auth/signup 
[2025-08-03T19:26:54.871Z] METHOD: POST /v1/auth/signup 
[2025-08-03T19:27:48.222Z] METHOD: POST /v1/auth/signup 
[2025-08-03T19:27:49.910Z] METHOD: POST /v1/auth/signup 
[2025-08-03T19:28:10.716Z] METHOD: POST /v1/auth/signup 
[2025-08-03T19:28:14.918Z] METHOD: POST /v1/auth/signup 
[2025-08-03T19:28:26.910Z] METHOD: POST /v1/auth/signup 
[2025-08-03T19:28:29.876Z] METHOD: POST /v1/auth/signup 
[2025-08-03T19:29:14.641Z] METHOD: POST /v1/auth/signup 
[2025-08-03T19:30:31.336Z] METHOD: POST /v1/auth/signup 
[2025-08-03T19:30:32.388Z] METHOD: POST /v1/auth/signup 
[2025-08-03T19:31:26.297Z] METHOD: POST /v1/auth/signup 
[2025-08-03T19:32:36.996Z] METHOD: POST /v1/auth/signup 
[2025-08-03T19:32:39.064Z] METHOD: POST /v1/auth/signup 
[2025-08-03T19:32:52.316Z] METHOD: POST /v1/auth/signup 
[2025-08-03T19:37:35.003Z] METHOD: POST /v1/auth/signup 
[2025-08-03T19:37:38.815Z] METHOD: POST /v1/auth/signup 
[2025-08-03T19:57:21.731Z] METHOD: POST /v1/auth/signup 
[2025-08-03T19:57:23.959Z] METHOD: POST /v1/auth/signup 
[2025-08-03T20:05:00.834Z] METHOD: POST /v1/auth/signup 
[2025-08-03T20:05:26.350Z] METHOD: POST /v1/auth/login 
[2025-08-03T20:29:48.918Z] METHOD: POST /v1/auth/login 
[2025-08-03T20:29:56.953Z] METHOD: POST /v1/auth/login 
[2025-08-03T20:30:40.611Z] METHOD: POST /v1/auth/login 
[2025-08-03T20:49:58.900Z] METHOD: POST /v1/auth/login 
[2025-08-03T20:50:19.542Z] METHOD: POST /v1/auth/login 
[2025-08-03T21:05:04.131Z] METHOD: GET /v1/todos 
[2025-08-03T21:05:07.479Z] METHOD: GET /v1/todos 
[2025-08-03T21:05:50.014Z] METHOD: GET /v1/todos 
[2025-08-03T21:15:15.320Z] METHOD: GET /v1/todos 
[2025-08-03T21:20:15.894Z] METHOD: GET /v1/todos 
[2025-08-03T21:20:23.975Z] METHOD: POST /v1/auth/login 
[2025-08-03T21:20:34.413Z] METHOD: GET /v1/todos 
[2025-08-03T21:21:52.438Z] METHOD: GET /v1/todos 
[2025-08-03T21:23:16.154Z] METHOD: GET /v1/todos 
[2025-08-03T21:23:39.567Z] METHOD: POST /v1/todos 
[2025-08-03T21:23:44.896Z] METHOD: GET /v1/todos 
