[2025-03-28T00:28:30.574Z] METHOD: POST /v1/todos/ 
[2025-03-28T00:28:55.106Z] METHOD: POST /v1/todos/ 
[2025-03-28T00:29:02.118Z] METHOD: POST /v1/todos/ 
[2025-03-28T00:46:39.194Z] METHOD: POST /v1/todos/ 
[2025-03-28T00:46:45.599Z] METHOD: POST /v1/todos/ 
[2025-03-28T00:49:38.289Z] METHOD: POST /v1/todos/ 
[2025-03-28T00:49:59.382Z] METHOD: POST /v1/todos/ 
[2025-03-28T00:52:56.494Z] METHOD: GET /v1/todos/ 
[2025-03-28T00:53:00.082Z] METHOD: GET /v1/todos/! 
[2025-03-28T00:53:02.871Z] METHOD: GET /v1/todos/1 
[2025-03-28T00:53:07.839Z] METHOD: POST /v1/todos 
[2025-03-28T00:53:59.886Z] METHOD: POST /v1/todos?limit=2 
[2025-03-28T00:54:58.334Z] METHOD: POST /v1/todos?limit=2 
[2025-03-28T00:55:07.645Z] METHOD: GET /v1/todos/1 
[2025-03-28T00:55:27.772Z] METHOD: GET /v1/todos/1 
[2025-03-28T00:55:42.085Z] METHOD: GET /v1/todos/?limit=2 
[2025-03-28T00:55:54.146Z] METHOD: GET /v1/todos/?limit=2 
[2025-03-28T00:56:05.663Z] METHOD: GET /v1/todos?limit=2 
[2025-03-28T00:56:49.577Z] METHOD: GET /v1/todos?limit=2 
[2025-03-28T00:56:50.772Z] METHOD: GET /v1/todos?limit=2 
[2025-03-28T00:56:51.753Z] METHOD: GET /v1/todos?limit=2 
[2025-03-28T00:56:52.536Z] METHOD: GET /v1/todos?limit=2 
[2025-03-28T00:58:01.219Z] METHOD: GET /v1/todos?limit=2&page=1 
[2025-03-28T00:58:32.530Z] METHOD: GET /v1/todos?limit=2&page=1&q=lavar 
