[2025-09-10T13:48:34.434Z] METHOD: GET /v1/todos 
[2025-09-10T14:07:07.117Z] METHOD: GET /v1/todos 
[2025-09-10T14:10:29.844Z] METHOD: POST /v1/todos 
[2025-09-10T14:10:34.039Z] METHOD: GET /v1/todos 
[2025-09-10T14:10:45.220Z] METHOD: GET /ping 
[2025-09-10T14:10:47.630Z] METHOD: GET /health 
[2025-09-10T14:11:11.868Z] METHOD: PUT /v1/todos/1 
[2025-09-10T14:11:20.050Z] METHOD: GET /v1/todos/1 
[2025-09-10T14:11:27.119Z] METHOD: DELETE /v1/todos/1 
[2025-09-10T14:11:30.248Z] METHOD: GET /v1/todos 
[2025-09-10T14:11:37.668Z] METHOD: POST /v1/auth/login 
[2025-09-10T14:11:44.035Z] METHOD: POST /v1/auth/signup 
[2025-09-10T22:13:16.785Z] METHOD: GET /v1/todos 
[2025-09-10T22:13:44.013Z] METHOD: GET /v1/todos 
[2025-09-10T22:13:53.659Z] METHOD: GET /ping 
[2025-09-10T22:13:57.919Z] METHOD: GET /health 
[2025-09-10T22:14:04.706Z] METHOD: POST /v1/auth/login 
[2025-09-10T22:14:09.470Z] METHOD: POST /v1/todos 
[2025-09-10T22:14:12.699Z] METHOD: GET /v1/todos 
[2025-09-10T22:14:19.505Z] METHOD: PUT /v1/todos/68abca808d71844ec7979d9c 
[2025-09-10T22:14:24.405Z] METHOD: PUT /v1/todos/1 
[2025-09-10T22:14:30.082Z] METHOD: GET /v1/todos 
[2025-09-10T22:14:38.465Z] METHOD: GET /v1/todos/1 
[2025-09-10T22:14:49.064Z] METHOD: DELETE /v1/todos/1 
[2025-09-10T22:14:55.904Z] METHOD: GET /v1/todos 
[2025-09-10T22:49:09.457Z] METHOD: POST /v1/auth/login 
[2025-09-10T22:49:16.226Z] METHOD: POST /v1/auth/signup 
[2025-09-10T23:11:23.079Z] METHOD: POST /v1/auth/signup 
[2025-09-10T23:16:20.835Z] METHOD: POST /v1/auth/signup 
[2025-09-10T23:17:35.717Z] METHOD: POST /v1/auth/signup 
[2025-09-10T23:18:36.604Z] METHOD: POST /v1/auth/signup 
[2025-09-10T23:20:00.477Z] METHOD: POST /v1/auth/signup 
[2025-09-10T23:20:53.253Z] METHOD: POST /v1/auth/signup 
[2025-09-10T23:51:33.839Z] METHOD: POST /v1/auth/signup 
[2025-09-10T23:55:24.850Z] METHOD: POST /v1/auth/signup 
[2025-09-10T23:56:35.729Z] METHOD: POST /v1/auth/signup 
[2025-09-10T23:57:31.080Z] METHOD: POST /v1/auth/signup 
